********************************************************************************
DUPLICATOR-LITE PACKAGE-LOG: 7 de February de 2025 14:44
NOTICE: Do NOT post to public sites or forums 
********************************************************************************
VERSION:	1.5.11.2
WORDPRESS:	6.7.1
PHP INFO:	8.2.12 | SAPI: apache2handler
SERVER:		Apache/2.4.58 (Win64) OpenSSL/3.1.3 PHP/8.2.12 
PHP TIME LIMIT: (0) no time limit imposed 
PHP MAX MEMORY: 4294967296 (512M default) 
MEMORY STACK: 56MB
[CTRL DUP ARCIVE] PACKAGE AS NEW ID 1 SAVED | STATUS:0
[DUP ARCHIVE] BUILDING DATABASE

********************************************************************************
DATABASE:
********************************************************************************
BUILD MODE:   MYSQLDUMP
MYSQLTIMEOUT: 5000
MYSQLDUMP:    Is Supported
SQL CREATED: 20250207_cursotecnicoemmultimidia_a59455099e8823226681_20250207144326_database.sql
SQL FILE SIZE: 12.18MB (12772374)
SQL FILE TIME: 2025-02-07 14:44:58
SQL RUNTIME: 7.46 seg.
[DUP ARCHIVE] VALIDATING DATABASE
[DUP ARCHIVE] DONE DATABASE

********************************************************************************
ARCHIVE Type=DUP Mode=DupArchive
********************************************************************************
ARCHIVE DIR:  C:/xampp/htdocs/multi
ARCHIVE FILE: 20250207_cursotecnicoemmultimidia_a59455099e8823226681_20250207144326_archive.daf
FILTERS: *OFF*
DIRS:
	not set
FILES:
	not set
EXTS:  not set
----------------------------------------
COMPRESSING
SIZE:	152.74MB
STATS:	Dirs 1,344 | Files 7,301 | Total 8,645
[DUP ARCHIVE] DONE ARCHIVE
[DUP ARCHIVE] DONE ARCHIVE
[DUP ARCHIVE] DONE ARCHIVE
building installer
[DUP ARCHIVE] DONE ARCHIVE
COMPRESSED SIZE: 57.66MB
ARCHIVE RUNTIME: 38.10 seg.
MEMORY STACK: 60MB
CREATE WARNINGS: No warnings.
VALIDATION WARNINGS: No warnings.
[DUP ARCHIVE] DONE ARCHIVE
[DUP ARCHIVE] HAS COMPLETED CLOSING
[DUP ARCHIVE] DUP ARCHIVE INTEGRITY CHECK

********************************************************************************
INTEGRITY CHECKS:
********************************************************************************
SQL FILE: 12.18MB
INSTALLER FILE: 94.83KB
ARCHIVE FILE: 57.66MB 
CONTAGEM ESPERADA DE ARQUIVOS/DIRETÓRIOS: 9,384
CONTAGEM REAL DE ARQUIVOS/DIRETÓRIOS: 9,385

********************************************************************************
RECORD ID:[1]
TOTAL PROCESS RUNTIME: 38.12 seg.
PEAK PHP MEMORY USED: 60MB
DONE PROCESSING => 20250207_cursotecnicoemmultimidia 2025-02-07 14:45:29

